0 info it worked if it ends with ok
1 verbose cli [ '/usr/local/bin/node', '/usr/local/bin/npm', 'run', 'go' ]
2 info using npm@3.8.2
3 info using node@v5.6.0
4 verbose run-script [ 'prego', 'go', 'postgo' ]
5 info lifecycle jisc-appstore@1.0.0~prego: jisc-appstore@1.0.0
6 silly lifecycle jisc-appstore@1.0.0~prego: no script for prego, continuing
7 info lifecycle jisc-appstore@1.0.0~go: jisc-appstore@1.0.0
8 verbose lifecycle jisc-appstore@1.0.0~go: unsafe-perm in lifecycle true
9 verbose lifecycle jisc-appstore@1.0.0~go: PATH: /usr/local/lib/node_modules/npm/bin/node-gyp-bin:/Users/marknorgate/Documents/source/Jisc/appstore/store-front/node_modules/.bin:/usr/local/bin:/usr/local/bin:/usr/bin:/bin:/usr/sbin:/sbin
10 verbose lifecycle jisc-appstore@1.0.0~go: CWD: /Users/marknorgate/Documents/source/Jisc/appstore/store-front
11 silly lifecycle jisc-appstore@1.0.0~go: Args: [ '-c',
11 silly lifecycle   'env UV_THREADPOOL_SIZE=128 ./node_modules/.bin/webpack-dev-server --display-reasons --display-chunks --watch --loglevel verbose' ]
12 silly lifecycle jisc-appstore@1.0.0~go: Returned: code: 1  signal: null
13 info lifecycle jisc-appstore@1.0.0~go: Failed to exec go script
14 verbose stack Error: jisc-appstore@1.0.0 go: `env UV_THREADPOOL_SIZE=128 ./node_modules/.bin/webpack-dev-server --display-reasons --display-chunks --watch --loglevel verbose`
14 verbose stack Exit status 1
14 verbose stack     at EventEmitter.<anonymous> (/usr/local/lib/node_modules/npm/lib/utils/lifecycle.js:239:16)
14 verbose stack     at emitTwo (events.js:100:13)
14 verbose stack     at EventEmitter.emit (events.js:185:7)
14 verbose stack     at ChildProcess.<anonymous> (/usr/local/lib/node_modules/npm/lib/utils/spawn.js:24:14)
14 verbose stack     at emitTwo (events.js:100:13)
14 verbose stack     at ChildProcess.emit (events.js:185:7)
14 verbose stack     at maybeClose (internal/child_process.js:827:16)
14 verbose stack     at Process.ChildProcess._handle.onexit (internal/child_process.js:211:5)
15 verbose pkgid jisc-appstore@1.0.0
16 verbose cwd /Users/marknorgate/Documents/source/Jisc/appstore/store-front
17 error Darwin 15.3.0
18 error argv "/usr/local/bin/node" "/usr/local/bin/npm" "run" "go"
19 error node v5.6.0
20 error npm  v3.8.2
21 error code ELIFECYCLE
22 error jisc-appstore@1.0.0 go: `env UV_THREADPOOL_SIZE=128 ./node_modules/.bin/webpack-dev-server --display-reasons --display-chunks --watch --loglevel verbose`
22 error Exit status 1
23 error Failed at the jisc-appstore@1.0.0 go script 'env UV_THREADPOOL_SIZE=128 ./node_modules/.bin/webpack-dev-server --display-reasons --display-chunks --watch --loglevel verbose'.
23 error Make sure you have the latest version of node.js and npm installed.
23 error If you do, this is most likely a problem with the jisc-appstore package,
23 error not with npm itself.
23 error Tell the author that this fails on your system:
23 error     env UV_THREADPOOL_SIZE=128 ./node_modules/.bin/webpack-dev-server --display-reasons --display-chunks --watch --loglevel verbose
23 error You can get information on how to open an issue for this project with:
23 error     npm bugs jisc-appstore
23 error Or if that isn't available, you can get their info via:
23 error     npm owner ls jisc-appstore
23 error There is likely additional logging output above.
24 verbose exit [ 1, true ]
